<?xml version="1.0" encoding="UTF-8"?>
<!-- Generated by org.testng.reporters.JUnitReportReporter -->
<testsuite hostname="DESKTOP-2JUJ58B" failures="0" tests="1" name="TestCasoUnitario.TestCU_incorrecto" time="0.146" errors="0" timestamp="24 ago. 2021 00:31:53 GMT" skipped="0">
  <testcase classname="TestCasoUnitario.TestCU_incorrecto" name="login" time="0.146"/>
</testsuite> <!-- TestCasoUnitario.TestCU_incorrecto -->
